<?xml version="1.0" encoding="UTF-8"?>
<!-- Generated by org.testng.reporters.JUnitReportReporter -->
<testsuite hostname="DESKTOP-LRHR7A2" failures="1" tests="7" name="com.poppulo.employee_api_tests.DeleteEmployeeTest" time="6.207" errors="0" timestamp="2024-07-15T14:31:28 IST" skipped="0">
  <testcase classname="com.poppulo.employee_api_tests.DeleteEmployeeTest" name="TCD001_ValidateValidEmployeeDeletion" time="0.573"/>
  <system-out/>
  <testcase classname="com.poppulo.employee_api_tests.DeleteEmployeeTest" name="TCD002_ValidatetNonExistentEmployeeDeletion" time="0.486"/>
  <system-out/>
  <testcase classname="com.poppulo.employee_api_tests.DeleteEmployeeTest" name="TCD003_ValidatetDeletionOfEmployeeWithInvalidIdFormat" time="0.522"/>
  <system-out/>
  <testcase classname="com.poppulo.employee_api_tests.DeleteEmployeeTest" name="TCD004_ValidateDeleteEmployeeWithEmptyId" time="0.526"/>
  <system-out/>
  <testcase classname="com.poppulo.employee_api_tests.DeleteEmployeeTest" name="TCD005_ValidateDeleteEmployeeWithMalformedRequest" time="0.720">
    <failure message="The following asserts failed:
	Able to delete  employee with malformed delete request Expected status code 400 but found 204 expected [400] but found [204]" type="java.lang.AssertionError">
      <![CDATA[java.lang.AssertionError: The following asserts failed:
Able to delete  employee with malformed delete request Expected status code 400 but found 204 expected [400] but found [204]
at org.testng.asserts.SoftAssert.assertAll(SoftAssert.java:47)
at org.testng.asserts.SoftAssert.assertAll(SoftAssert.java:31)
at com.poppulo.employee_api_methods.ResponseHandler.handleApiResponseCode(ResponseHandler.java:23)
at com.poppulo.employee_api_tests.DeleteEmployeeTest.TCD005_ValidateDeleteEmployeeWithMalformedRequest(DeleteEmployeeTest.java:93)
at java.base/jdk.internal.reflect.NativeMethodAccessorImpl.invoke0(Native Method)
at java.base/jdk.internal.reflect.NativeMethodAccessorImpl.invoke(NativeMethodAccessorImpl.java:77)
at java.base/jdk.internal.reflect.DelegatingMethodAccessorImpl.invoke(DelegatingMethodAccessorImpl.java:43)
at java.base/java.lang.reflect.Method.invoke(Method.java:568)
at org.testng.internal.MethodInvocationHelper.invokeMethod(MethodInvocationHelper.java:133)
at org.testng.internal.TestInvoker.invokeMethod(TestInvoker.java:598)
at org.testng.internal.TestInvoker.invokeTestMethod(TestInvoker.java:173)
at org.testng.internal.MethodRunner.runInSequence(MethodRunner.java:46)
at org.testng.internal.TestInvoker$MethodInvocationAgent.invoke(TestInvoker.java:824)
at org.testng.internal.TestInvoker.invokeTestMethods(TestInvoker.java:146)
at org.testng.internal.TestMethodWorker.invokeTestMethods(TestMethodWorker.java:146)
at org.testng.internal.TestMethodWorker.run(TestMethodWorker.java:128)
at java.base/java.util.ArrayList.forEach(ArrayList.java:1511)
at org.testng.TestRunner.privateRun(TestRunner.java:794)
at org.testng.TestRunner.run(TestRunner.java:596)
at org.testng.SuiteRunner.runTest(SuiteRunner.java:377)
at org.testng.SuiteRunner.runSequentially(SuiteRunner.java:371)
at org.testng.SuiteRunner.privateRun(SuiteRunner.java:332)
at org.testng.SuiteRunner.run(SuiteRunner.java:276)
at org.testng.SuiteRunnerWorker.runSuite(SuiteRunnerWorker.java:53)
at org.testng.SuiteRunnerWorker.run(SuiteRunnerWorker.java:96)
at org.testng.TestNG.runSuitesSequentially(TestNG.java:1212)
at org.testng.TestNG.runSuitesLocally(TestNG.java:1134)
at org.testng.TestNG.runSuites(TestNG.java:1063)
at org.testng.TestNG.run(TestNG.java:1031)
at org.testng.remote.AbstractRemoteTestNG.run(AbstractRemoteTestNG.java:115)
at org.testng.remote.RemoteTestNG.initAndRun(RemoteTestNG.java:293)
at org.testng.remote.RemoteTestNG.main(RemoteTestNG.java:91)
]]>
    </failure>
  </testcase> <!-- TCD005_ValidateDeleteEmployeeWithMalformedRequest -->
  <system-out/>
  <testcase classname="com.poppulo.employee_api_tests.DeleteEmployeeTest" name="TCD006_ValidateSimultaneousDeleteOperations" time="2.860"/>
  <system-out/>
  <testcase classname="com.poppulo.employee_api_tests.DeleteEmployeeTest" name="TCD007_ValidateDeletetAPILatency" time="0.520"/>
  <system-out/>
</testsuite> <!-- com.poppulo.employee_api_tests.DeleteEmployeeTest -->
